<?xml version="1.0" encoding="UTF-8"?>
<!-- Generated by org.testng.reporters.JUnitReportReporter -->
<testsuite hostname="192-168-1-131.tpgi.com.au" failures="0" tests="8" name="com.planit.qa.test.Test001" time="0.606" errors="0" timestamp="18 Jan 2021 03:54:38 GMT" skipped="1">
  <testcase classname="com.planit.qa.test.Test001" name="clickonContact" time="0.244"/>
  <testcase classname="com.planit.qa.test.Test001" name="clickonSubmit" time="0.256"/>
  <testcase classname="com.planit.qa.test.Test001" name="verifyError1" time="0.032"/>
  <testcase classname="com.planit.qa.test.Test001" name="verifyError2" time="0.015"/>
  <testcase classname="com.planit.qa.test.Test001" name="verifyError3" time="0.014"/>
  <testcase classname="com.planit.qa.test.Test001" name="validateCreateNewContact" time="0.000">
    <skipped/>
  </testcase> <!-- validateCreateNewContact -->
  <testcase classname="com.planit.qa.test.Test001" name="errormessageGone" time="0.034"/>
  <testcase classname="com.planit.qa.test.Test001" name="successmsgverification" time="0.011"/>
</testsuite> <!-- com.planit.qa.test.Test001 -->
