<?xml version="1.0" encoding="UTF-8"?>
<!-- Generated by org.testng.reporters.JUnitReportReporter -->
<testsuite hostname="192-168-1-131.tpgi.com.au" failures="0" tests="2" name="com.planit.qa.test.Test004" time="1.132" errors="0" timestamp="17 Jan 2021 23:00:10 GMT" skipped="0">
  <testcase classname="com.planit.qa.test.Test004" name="clickonShop" time="0.232"/>
  <testcase classname="com.planit.qa.test.Test004" name="addProducts" time="0.900"/>
</testsuite> <!-- com.planit.qa.test.Test004 -->
