<?xml version="1.0" encoding="UTF-8"?>
<!-- Generated by org.testng.reporters.JUnitReportReporter -->
<testsuite hostname="192-168-1-131.tpgi.com.au" failures="0" tests="4" name="com.planit.qa.test.Test002" time="10.502" errors="0" timestamp="17 Jan 2021 23:00:10 GMT" skipped="0">
  <testcase classname="com.planit.qa.test.Test002" name="clickonContact" time="0.233"/>
  <testcase classname="com.planit.qa.test.Test002" name="fillContact" time="0.100"/>
  <testcase classname="com.planit.qa.test.Test002" name="verifyError1" time="9.937"/>
  <testcase classname="com.planit.qa.test.Test002" name="clickonSubmit" time="0.232"/>
</testsuite> <!-- com.planit.qa.test.Test002 -->
